# JRE version: OpenJDK Runtime Environment (8.0_202-b03) (build 1.8.0_202-release-1483-b03)
# Java VM: OpenJDK 64-Bit Server VM (25.202-b03 mixed mode windows-amd64 compressed oops)
Heap:
 PSYoungGen      total 294912K, used 112149K [0x00000000e0000000, 0x00000000f7f80000, 0x0000000100000000)
  eden space 270848K, 33% used [0x00000000e0000000,0x00000000e5763530,0x00000000f0880000)
  from space 24064K, 94% used [0x00000000f0880000,0x00000000f1ea1f30,0x00000000f2000000)
  to   space 27136K, 0% used [0x00000000f6500000,0x00000000f6500000,0x00000000f7f80000)
 ParOldGen       total 87552K, used 34097K [0x00000000a0000000, 0x00000000a5580000, 0x00000000e0000000)
  object space 87552K, 38% used [0x00000000a0000000,0x00000000a214c4a8,0x00000000a5580000)
 Metaspace       used 71108K, capacity 74008K, committed 74112K, reserved 1114112K
  class space    used 9457K, capacity 10094K, committed 10112K, reserved 1048576K
GC Heap History (10 events):
Event: 48.793 GC heap before
{Heap before GC invocations=10 (full 2):
 PSYoungGen      total 227328K, used 10691K [0x00000000e0000000, 0x00000000eed80000, 0x0000000100000000)
  eden space 214528K, 0% used [0x00000000e0000000,0x00000000e0000000,0x00000000ed180000)
  from space 12800K, 83% used [0x00000000ee000000,0x00000000eea70fa0,0x00000000eec80000)
  to   space 14336K, 0% used [0x00000000ed180000,0x00000000ed180000,0x00000000edf80000)
 ParOldGen       total 45568K, used 20349K [0x00000000a0000000, 0x00000000a2c80000, 0x00000000e0000000)
  object space 45568K, 44% used [0x00000000a0000000,0x00000000a13df5c0,0x00000000a2c80000)
 Metaspace       used 34649K, capacity 35368K, committed 35456K, reserved 1079296K
  class space    used 4773K, capacity 4954K, committed 4992K, reserved 1048576K
Event: 49.337 GC heap after
Heap after GC invocations=10 (full 2):
 PSYoungGen      total 227328K, used 0K [0x00000000e0000000, 0x00000000eed80000, 0x0000000100000000)
  eden space 214528K, 0% used [0x00000000e0000000,0x00000000e0000000,0x00000000ed180000)
  from space 12800K, 0% used [0x00000000ee000000,0x00000000ee000000,0x00000000eec80000)
  to   space 14336K, 0% used [0x00000000ed180000,0x00000000ed180000,0x00000000edf80000)
 ParOldGen       total 56832K, used 17474K [0x00000000a0000000, 0x00000000a3780000, 0x00000000e0000000)
  object space 56832K, 30% used [0x00000000a0000000,0x00000000a1110910,0x00000000a3780000)
 Metaspace       used 34646K, capacity 35356K, committed 35456K, reserved 1079296K
  class space    used 4772K, capacity 4952K, committed 4992K, reserved 1048576K
}
Event: 62.999 GC heap before
{Heap before GC invocations=11 (full 2):
 PSYoungGen      total 227328K, used 214528K [0x00000000e0000000, 0x00000000eed80000, 0x0000000100000000)
  eden space 214528K, 100% used [0x00000000e0000000,0x00000000ed180000,0x00000000ed180000)
  from space 12800K, 0% used [0x00000000ee000000,0x00000000ee000000,0x00000000eec80000)
  to   space 14336K, 0% used [0x00000000ed180000,0x00000000ed180000,0x00000000edf80000)
 ParOldGen       total 56832K, used 17474K [0x00000000a0000000, 0x00000000a3780000, 0x00000000e0000000)
  object space 56832K, 30% used [0x00000000a0000000,0x00000000a1110910,0x00000000a3780000)
 Metaspace       used 52391K, capacity 53788K, committed 53888K, reserved 1095680K
  class space    used 7122K, capacity 7497K, committed 7552K, reserved 1048576K
Event: 63.287 GC heap after
Heap after GC invocations=11 (full 2):
 PSYoungGen      total 228864K, used 14324K [0x00000000e0000000, 0x00000000f3480000, 0x0000000100000000)
  eden space 214528K, 0% used [0x00000000e0000000,0x00000000e0000000,0x00000000ed180000)
  from space 14336K, 99% used [0x00000000ed180000,0x00000000edf7d068,0x00000000edf80000)
  to   space 20992K, 0% used [0x00000000f2000000,0x00000000f2000000,0x00000000f3480000)
 ParOldGen       total 56832K, used 29101K [0x00000000a0000000, 0x00000000a3780000, 0x00000000e0000000)
  object space 56832K, 51% used [0x00000000a0000000,0x00000000a1c6b6d0,0x00000000a3780000)
 Metaspace       used 52391K, capacity 53788K, committed 53888K, reserved 1095680K
  class space    used 7122K, capacity 7497K, committed 7552K, reserved 1048576K
}
Event: 71.382 GC heap before
{Heap before GC invocations=12 (full 2):
 PSYoungGen      total 228864K, used 84688K [0x00000000e0000000, 0x00000000f3480000, 0x0000000100000000)
  eden space 214528K, 32% used [0x00000000e0000000,0x00000000e44b72a0,0x00000000ed180000)
  from space 14336K, 99% used [0x00000000ed180000,0x00000000edf7d068,0x00000000edf80000)
  to   space 20992K, 0% used [0x00000000f2000000,0x00000000f2000000,0x00000000f3480000)
 ParOldGen       total 56832K, used 29101K [0x00000000a0000000, 0x00000000a3780000, 0x00000000e0000000)
  object space 56832K, 51% used [0x00000000a0000000,0x00000000a1c6b6d0,0x00000000a3780000)
 Metaspace       used 57419K, capacity 58964K, committed 59096K, reserved 1099776K
  class space    used 7835K, capacity 8248K, committed 8320K, reserved 1048576K
Event: 71.705 GC heap after
Heap after GC invocations=12 (full 2):
 PSYoungGen      total 291840K, used 19548K [0x00000000e0000000, 0x00000000f4580000, 0x0000000100000000)
  eden space 270848K, 0% used [0x00000000e0000000,0x00000000e0000000,0x00000000f0880000)
  from space 20992K, 93% used [0x00000000f2000000,0x00000000f3317208,0x00000000f3480000)
  to   space 24064K, 0% used [0x00000000f0880000,0x00000000f0880000,0x00000000f2000000)
 ParOldGen       total 56832K, used 29173K [0x00000000a0000000, 0x00000000a3780000, 0x00000000e0000000)
  object space 56832K, 51% used [0x00000000a0000000,0x00000000a1c7d6e0,0x00000000a3780000)
 Metaspace       used 57419K, capacity 58964K, committed 59096K, reserved 1099776K
  class space    used 7835K, capacity 8248K, committed 8320K, reserved 1048576K
}
Event: 71.705 GC heap before
{Heap before GC invocations=13 (full 3):
 PSYoungGen      total 291840K, used 19548K [0x00000000e0000000, 0x00000000f4580000, 0x0000000100000000)
  eden space 270848K, 0% used [0x00000000e0000000,0x00000000e0000000,0x00000000f0880000)
  from space 20992K, 93% used [0x00000000f2000000,0x00000000f3317208,0x00000000f3480000)
  to   space 24064K, 0% used [0x00000000f0880000,0x00000000f0880000,0x00000000f2000000)
 ParOldGen       total 56832K, used 29173K [0x00000000a0000000, 0x00000000a3780000, 0x00000000e0000000)
  object space 56832K, 51% used [0x00000000a0000000,0x00000000a1c7d6e0,0x00000000a3780000)
 Metaspace       used 57419K, capacity 58964K, committed 59096K, reserved 1099776K
  class space    used 7835K, capacity 8248K, committed 8320K, reserved 1048576K
Event: 72.760 GC heap after
Heap after GC invocations=13 (full 3):
 PSYoungGen      total 291840K, used 0K [0x00000000e0000000, 0x00000000f4580000, 0x0000000100000000)
  eden space 270848K, 0% used [0x00000000e0000000,0x00000000e0000000,0x00000000f0880000)
  from space 20992K, 0% used [0x00000000f2000000,0x00000000f2000000,0x00000000f3480000)
  to   space 24064K, 0% used [0x00000000f0880000,0x00000000f0880000,0x00000000f2000000)
 ParOldGen       total 87552K, used 34089K [0x00000000a0000000, 0x00000000a5580000, 0x00000000e0000000)
  object space 87552K, 38% used [0x00000000a0000000,0x00000000a214a4a8,0x00000000a5580000)
 Metaspace       used 57419K, capacity 58964K, committed 59096K, reserved 1099776K
  class space    used 7835K, capacity 8248K, committed 8320K, reserved 1048576K
}
Event: 221.642 GC heap before
{Heap before GC invocations=14 (full 3):
 PSYoungGen      total 291840K, used 270848K [0x00000000e0000000, 0x00000000f4580000, 0x0000000100000000)
  eden space 270848K, 100% used [0x00000000e0000000,0x00000000f0880000,0x00000000f0880000)
  from space 20992K, 0% used [0x00000000f2000000,0x00000000f2000000,0x00000000f3480000)
  to   space 24064K, 0% used [0x00000000f0880000,0x00000000f0880000,0x00000000f2000000)
 ParOldGen       total 87552K, used 34089K [0x00000000a0000000, 0x00000000a5580000, 0x00000000e0000000)
  object space 87552K, 38% used [0x00000000a0000000,0x00000000a214a4a8,0x00000000a5580000)
 Metaspace       used 69847K, capacity 72436K, committed 72576K, reserved 1112064K
  class space    used 9343K, capacity 9990K, committed 10112K, reserved 1048576K
Event: 223.593 GC heap after
Heap after GC invocations=14 (full 3):
 PSYoungGen      total 294912K, used 22663K [0x00000000e0000000, 0x00000000f7f80000, 0x0000000100000000)
  eden space 270848K, 0% used [0x00000000e0000000,0x00000000e0000000,0x00000000f0880000)
  from space 24064K, 94% used [0x00000000f0880000,0x00000000f1ea1f30,0x00000000f2000000)
  to   space 27136K, 0% used [0x00000000f6500000,0x00000000f6500000,0x00000000f7f80000)
 ParOldGen       total 87552K, used 34097K [0x00000000a0000000, 0x00000000a5580000, 0x00000000e0000000)
  object space 87552K, 38% used [0x00000000a0000000,0x00000000a214c4a8,0x00000000a5580000)
 Metaspace       used 69847K, capacity 72436K, committed 72576K, reserved 1112064K
  class space    used 9343K, capacity 9990K, committed 10112K, reserved 1048576K
}

